
/home/runner/work/exp-ode-various-methods-dei/exp-ode-various-methods-dei/experiment/simulation/runga.js
   80:2   warning  'c' is not defined   no-undef
   81:2   warning  'c1' is not defined  no-undef
   81:7   warning  'c' is not defined   no-undef
   82:13  warning  'c' is not defined   no-undef
   82:15  warning  'c1' is not defined  no-undef
   83:15  warning  'c1' is not defined  no-undef
   89:40  warning  'c1' is not defined  no-undef
  100:3   warning  'c' is not defined   no-undef
  101:2   warning  'c1' is not defined  no-undef
  101:7   warning  'c' is not defined   no-undef
  103:16  warning  'c1' is not defined  no-undef
  105:40  warning  'c1' is not defined  no-undef
  118:3   warning  'c' is not defined   no-undef
  119:2   warning  'c1' is not defined  no-undef
  119:7   warning  'c' is not defined   no-undef
  121:17  warning  'c1' is not defined  no-undef
  131:51  warning  'c1' is not defined  no-undef
  188:2   warning  'c' is not defined   no-undef
  189:2   warning  'c1' is not defined  no-undef
  189:7   warning  'c' is not defined   no-undef
  190:13  warning  'c' is not defined   no-undef
  190:15  warning  'c1' is not defined  no-undef
  191:13  warning  'c1' is not defined  no-undef
  196:37  warning  'c1' is not defined  no-undef
  209:3   warning  'c' is not defined   no-undef
  210:2   warning  'c1' is not defined  no-undef
  210:7   warning  'c' is not defined   no-undef
  212:14  warning  'c1' is not defined  no-undef
  214:37  warning  'c1' is not defined  no-undef
  227:3   warning  'c' is not defined   no-undef
  228:2   warning  'c1' is not defined  no-undef
  228:7   warning  'c' is not defined   no-undef
  230:15  warning  'c1' is not defined  no-undef
  240:48  warning  'c1' is not defined  no-undef

/home/runner/work/exp-ode-various-methods-dei/exp-ode-various-methods-dei/experiment/simulation/script.js
    7:5   warning  'div' is assigned a value but never used  no-unused-vars
   28:4   warning  'math' is not defined                     no-undef
   29:8   warning  'math' is not defined                     no-undef
   65:5   warning  'i' is not defined                        no-undef
   65:9   warning  'i' is not defined                        no-undef
   65:17  warning  'i' is not defined                        no-undef
   68:5   warning  'i' is not defined                        no-undef
   76:6   warning  'math' is not defined                     no-undef
   82:5   warning  'math' is not defined                     no-undef
   82:16  warning  'math' is not defined                     no-undef
  102:4   warning  'i' is not defined                        no-undef
  110:6   warning  'math' is not defined                     no-undef
  116:5   warning  'math' is not defined                     no-undef
  116:16  warning  'math' is not defined                     no-undef
  136:4   warning  'i' is not defined                        no-undef
  144:8   warning  'math' is not defined                     no-undef
  151:5   warning  'math' is not defined                     no-undef
  151:16  warning  'math' is not defined                     no-undef
  172:4   warning  'i' is not defined                        no-undef
  180:7   warning  'math' is not defined                     no-undef
  187:5   warning  'math' is not defined                     no-undef
  187:16  warning  'math' is not defined                     no-undef
  206:4   warning  'i' is not defined                        no-undef
  210:6   warning  'x5' is assigned a value but never used   no-unused-vars
  214:1   warning  'res5' is not defined                     no-undef
  214:7   warning  'math' is not defined                     no-undef
  214:18  warning  'math' is not defined                     no-undef
  221:5   warning  'math' is not defined                     no-undef
  221:16  warning  'math' is not defined                     no-undef
  252:8   warning  'math' is not defined                     no-undef
  253:8   warning  'math' is not defined                     no-undef
  254:5   warning  'x1' is already defined                   no-redeclare
  273:6   warning  'math' is not defined                     no-undef
  279:5   warning  'math' is not defined                     no-undef
  279:16  warning  'math' is not defined                     no-undef
  305:6   warning  'math' is not defined                     no-undef
  306:6   warning  'x2' is already defined                   no-redeclare
  310:47  warning  'math' is not defined                     no-undef
  311:5   warning  'math' is not defined                     no-undef

✖ 73 problems (0 errors, 73 warnings)

